[www.vincentsitzmann.com/index.html]
[backblue.gif]
[fade.gif]
[index.html]
[www.vincentsitzmann.com/css/bootstrap.min.css]
[www.vincentsitzmann.com/imgs/portrait.jpg]
[www.vincentsitzmann.com/docs/cv_vincent_sitzmann_web.pdf]
[www.vincentsitzmann.com/siren/img/poisson_convergence_15s_label.mp4]
[www.vincentsitzmann.com/metasdf/img/metasdf_steps_comp.mp4]
[www.vincentsitzmann.com/imgs/star_img.png]
[www.vincentsitzmann.com/imgs/srn_seg_repimage.jpg]
[www.vincentsitzmann.com/imgs/SRNs.gif]
[www.vincentsitzmann.com/imgs/deepvoxels.png]
[www.vincentsitzmann.com/imgs/onn_thumbnail.jpg]
[www.vincentsitzmann.com/imgs/end-to-end-cam.jpg]
[www.vincentsitzmann.com/imgs/saliency.jpg]
[www.vincentsitzmann.com/imgs/cognitive_events.jpg]
[www.vincentsitzmann.com/imgs/sickness_prediction.jpg]
[ajax.googleapis.com/ajax/libs/jquery/1.12.4/jquery.min.js]
[www.vincentsitzmann.com/js/bootstrap.min.js]
[www.vincentsitzmann.com/index.html]
[www.vincentsitzmann.com/css/bootstrap.min.css]
